{
  "RSpec": {
    "coverage": {
      "/Users/diasks2/tm-town/tf-idf-similarity/lib/tf-idf-similarity.rb": [
        1,
        1,
        null,
        1,
        1,
        null,
        1,
        null,
        null,
        1,
        1,
        1,
        1,
        1,
        1,
        1
      ],
      "/Users/diasks2/tm-town/tf-idf-similarity/lib/tf-idf-similarity/matrix_methods.rb": [
        1,
        1,
        1,
        null,
        null,
        null,
        null,
        1,
        2,
        null,
        0,
        0,
        0,
        null,
        null,
        null,
        0,
        0,
        0,
        null,
        0,
        0,
        0,
        0,
        0,
        0,
        null,
        null,
        0,
        null,
        2,
        8,
        2,
        null,
        6,
        null,
        0,
        null,
        null,
        null,
        null,
        null,
        null,
        null,
        1,
        0,
        null,
        0,
        null,
        0,
        null,
        null,
        null,
        null,
        null,
        1,
        219,
        null,
        0,
        null,
        219,
        null,
        null,
        null,
        null,
        null,
        1,
        0,
        null,
        0,
        null,
        0,
        null,
        null,
        null,
        null,
        1,
        0,
        null,
        0,
        null,
        0,
        null,
        0,
        null,
        null,
        null,
        null,
        1,
        51,
        null,
        0,
        null,
        0,
        null,
        51,
        null,
        null,
        null,
        null,
        1,
        51,
        null,
        0,
        null,
        51,
        null,
        null,
        null,
        null,
        1,
        51,
        null,
        0,
        null,
        51,
        null,
        null,
        null,
        null,
        null,
        1,
        136,
        null,
        0,
        null,
        0,
        null,
        0,
        null,
        136,
        null,
        null,
        null,
        null,
        null,
        1,
        2,
        null,
        0,
        null,
        2,
        null,
        null,
        null,
        1,
        238,
        null,
        0,
        null,
        0,
        null,
        238,
        null,
        null,
        null,
        1,
        2188,
        null,
        0,
        null,
        2188,
        null,
        null,
        null,
        null
      ],
      "/Users/diasks2/tm-town/tf-idf-similarity/lib/tf-idf-similarity/term_count_model.rb": [
        null,
        1,
        1,
        1,
        null,
        null,
        1,
        null,
        1,
        null,
        1,
        null,
        null,
        null,
        null,
        1,
        73,
        73,
        73,
        null,
        73,
        209,
        2511,
        null,
        null,
        null,
        73,
        null,
        73,
        null,
        null,
        null,
        null,
        1,
        243,
        243,
        218,
        null,
        0,
        null,
        0,
        null,
        218,
        218,
        0,
        null,
        218,
        null,
        null,
        25,
        null,
        null,
        null,
        null,
        null,
        1,
        2,
        2,
        1,
        null,
        0,
        null,
        0,
        null,
        1,
        1,
        0,
        null,
        1,
        null,
        null,
        1,
        null,
        null,
        null,
        null
      ],
      "/Users/diasks2/tm-town/tf-idf-similarity/lib/tf-idf-similarity/model.rb": [
        1,
        1,
        1,
        null,
        1,
        1,
        null,
        null,
        null,
        null,
        1,
        63,
        63,
        null,
        63,
        189,
        189,
        2431,
        null,
        null,
        null,
        63,
        null,
        null,
        null,
        null,
        null,
        null,
        null,
        1,
        9,
        null,
        1,
        null,
        null,
        null,
        null,
        null,
        null,
        1,
        4,
        2,
        null,
        2,
        null,
        null,
        null,
        null,
        null,
        null,
        null,
        1,
        4,
        null,
        null,
        null,
        null,
        null,
        null,
        1,
        4,
        2,
        null,
        null,
        null,
        null
      ],
      "/Users/diasks2/tm-town/tf-idf-similarity/lib/tf-idf-similarity/tf_idf_model.rb": [
        null,
        null,
        null,
        1,
        1,
        null,
        null,
        null,
        null,
        1,
        134,
        134,
        null,
        1,
        null,
        null,
        null,
        null,
        null,
        null,
        1,
        2188,
        2188,
        null,
        1,
        null,
        null
      ],
      "/Users/diasks2/tm-town/tf-idf-similarity/lib/tf-idf-similarity/bm25_model.rb": [
        null,
        null,
        null,
        null,
        1,
        1,
        null,
        null,
        null,
        null,
        1,
        71,
        71,
        null,
        1,
        null,
        null,
        null,
        null,
        null,
        null,
        null,
        null,
        1,
        267,
        267,
        null,
        1,
        null,
        null
      ],
      "/Users/diasks2/tm-town/tf-idf-similarity/lib/tf-idf-similarity/document.rb": [
        null,
        1,
        1,
        null,
        1,
        null,
        1,
        null,
        1,
        null,
        1,
        null,
        null,
        null,
        null,
        null,
        null,
        null,
        1,
        404,
        404,
        404,
        null,
        404,
        42,
        42,
        null,
        null,
        362,
        362,
        362,
        null,
        null,
        null,
        null,
        null,
        null,
        1,
        476,
        null,
        null,
        null,
        null,
        null,
        null,
        1,
        4975,
        null,
        null,
        1,
        null,
        null,
        1,
        362,
        1562,
        1562,
        632,
        632,
        632,
        null,
        null,
        null,
        null,
        null,
        null,
        null,
        null,
        null,
        null,
        null,
        null,
        null,
        null,
        null,
        null,
        null,
        null,
        1,
        362,
        null,
        null,
        null
      ],
      "/Users/diasks2/tm-town/tf-idf-similarity/lib/tf-idf-similarity/token.rb": [
        null,
        null,
        null,
        null,
        null,
        null,
        null,
        null,
        null,
        null,
        1,
        1,
        null,
        null,
        null,
        null,
        null,
        null,
        1,
        null,
        null,
        null,
        null,
        null,
        null,
        null,
        null,
        null,
        1564,
        null,
        null,
        null,
        null,
        null,
        null,
        null,
        1,
        633,
        null,
        null,
        null,
        null,
        null,
        null,
        null,
        1,
        637,
        null,
        null,
        null
      ],
      "/Users/diasks2/tm-town/tf-idf-similarity/lib/tf-idf-similarity/extras/document.rb": [
        1,
        1,
        null,
        1,
        0,
        null,
        null,
        null,
        1,
        0,
        null,
        null,
        null
      ],
      "/Users/diasks2/tm-town/tf-idf-similarity/lib/tf-idf-similarity/extras/tf_idf_model.rb": [
        null,
        null,
        null,
        null,
        null,
        null,
        null,
        null,
        null,
        null,
        null,
        null,
        1,
        1,
        null,
        null,
        null,
        1,
        0,
        null,
        null,
        null,
        null,
        null,
        1,
        33,
        null,
        1,
        null,
        null,
        1,
        0,
        0,
        null,
        1,
        null,
        null,
        1,
        0,
        null,
        1,
        null,
        null,
        1,
        0,
        null,
        1,
        null,
        null,
        1,
        0,
        null,
        1,
        null,
        null,
        1,
        0,
        null,
        1,
        null,
        null,
        1,
        0,
        0,
        null,
        0,
        0,
        0,
        null,
        null,
        null,
        null,
        null,
        null,
        null,
        null,
        null,
        1,
        0,
        null,
        null,
        null,
        null,
        null,
        1,
        0,
        null,
        null,
        null,
        null,
        null,
        null,
        null,
        null,
        null,
        null,
        null,
        null,
        null,
        null,
        null,
        null,
        1,
        0,
        0,
        0,
        null,
        0,
        null,
        null,
        1,
        null,
        null,
        null,
        1,
        0,
        null,
        1,
        null,
        null,
        1,
        0,
        null,
        1,
        null,
        null,
        1,
        0,
        0,
        0,
        null,
        0,
        null,
        null,
        1,
        null,
        null,
        1,
        0,
        0,
        0,
        null,
        0,
        null,
        null,
        1,
        null,
        null,
        null,
        null,
        1,
        0,
        0,
        0,
        null,
        0,
        null,
        null,
        1,
        null,
        null,
        1,
        0,
        0,
        0,
        null,
        0,
        null,
        null,
        1,
        null,
        null,
        1,
        0,
        0,
        0,
        null,
        0,
        null,
        null,
        1,
        null,
        null,
        1,
        0,
        0,
        0,
        null,
        0,
        null,
        null,
        1,
        null,
        null
      ]
    },
    "timestamp": 1452830589
  }
}
